Not a valid date :"201802-01" at Line:16
Not a valid date :"02-01-2018" at Line:4
Not a valid designation :"Team Lead" at Line:1
Not a valid designation :"Senior Developer" at Line:2
Not a valid designation :"Team Lead" at Line:3
Not a valid designation :"Senior Developer" at Line:5
Not a valid designation :"Senior Developer" at Line:9
Not a valid designation :"Team Lead" at Line:1
Not a valid designation :"Senior Developer" at Line:2
Not a valid designation :"Team Lead" at Line:3
Not a valid designation :"Senior Developer" at Line:5
Not a valid designation :"Senior Developer" at Line:9
Not a valid designation :"Team Lead" at Line:1
Not a valid designation :"Senior Developer" at Line:2
Not a valid designation :"Team Lead" at Line:3
Not a valid designation :"Senior Developer" at Line:5
Not a valid designation :"Senior Developer" at Line:9
Not an numeric salary :"sjaska" at Line:1
Not an numeric salary :"snajs" at Line:1
Not an numeric salary :"snakdk" at Line:1
Not an numeric salary :" asasaj" at Line:1
Not an numeric salary :"nskd" at Line:1
Not an numeric salary :"23767dkmsd" at Line:1
Not an numeric salary :"snajsj" at Line:1
Not an numeric salary :"dnskd" at Line:1
Not an numeric salary :"dskdke" at Line:1
Not an numeric salary :"dsmkdw" at Line:1
Not an numeric salary :"dnkw" at Line:1
Not an numeric salary :"dmwke" at Line:1
Not an numeric salary :"dwke" at Line:1
Not an numeric salary :"dwke" at Line:1
Not an numeric salary :"seweo" at Line:1
Not an numeric salary :"sakswk" at Line:1
Not a valid date :"02-01-2018" at Line:4
